<?xml version="1.0" encoding="UTF-8"?>
<mxfile host="10.10.1.101" modified="2021-04-13T01:10:21.303Z" agent="5.0 (Windows NT 10.0; WOW64) AppleWebKit/537.36 (KHTML, like Gecko) Chrome/88.0.4324.190 Safari/537.36" etag="boWtJ9ryTn5QKF3gzzdI" version="13.8.2" type="browser" pages="3">
  <diagram id="BBxVNuXmF9u1m6lDHB4e" name="TestFramwork">
    <mxGraphModel dx="1473" dy="611" grid="1" gridSize="10" guides="1" tooltips="1" connect="1" arrows="1" fold="1" page="1" pageScale="1" pageWidth="1169" pageHeight="827" math="0" shadow="0">
      <root>
        <mxCell id="0" />
        <mxCell id="1" parent="0" />
        <mxCell id="-1VgZTteCLfSaRUNPgDZ-2" value="" style="rounded=0;whiteSpace=wrap;html=1;" parent="1" vertex="1">
          <mxGeometry x="520" y="90" width="140" height="110" as="geometry" />
        </mxCell>
        <mxCell id="-1VgZTteCLfSaRUNPgDZ-3" value="" style="rounded=0;whiteSpace=wrap;html=1;" parent="1" vertex="1">
          <mxGeometry x="230" y="253" width="230" height="100" as="geometry" />
        </mxCell>
        <mxCell id="-1VgZTteCLfSaRUNPgDZ-5" value="IVD设备" style="rounded=0;whiteSpace=wrap;html=1;" parent="1" vertex="1">
          <mxGeometry x="530" y="440" width="150" height="90" as="geometry" />
        </mxCell>
        <mxCell id="-1VgZTteCLfSaRUNPgDZ-6" value="泵类设备" style="rounded=0;whiteSpace=wrap;html=1;" parent="1" vertex="1">
          <mxGeometry x="210" y="440" width="100" height="50" as="geometry" />
        </mxCell>
        <mxCell id="-1VgZTteCLfSaRUNPgDZ-7" value="" style="shape=flexArrow;endArrow=classic;startArrow=classic;html=1;" parent="1" edge="1">
          <mxGeometry width="50" height="50" relative="1" as="geometry">
            <mxPoint x="589.5" y="414" as="sourcePoint" />
            <mxPoint x="589.5" y="204" as="targetPoint" />
          </mxGeometry>
        </mxCell>
        <mxCell id="-1VgZTteCLfSaRUNPgDZ-8" value="" style="shape=flexArrow;endArrow=classic;startArrow=classic;html=1;" parent="1" edge="1">
          <mxGeometry width="50" height="50" relative="1" as="geometry">
            <mxPoint x="280" y="425" as="sourcePoint" />
            <mxPoint x="350" y="355" as="targetPoint" />
          </mxGeometry>
        </mxCell>
        <mxCell id="-1VgZTteCLfSaRUNPgDZ-9" value="" style="shape=flexArrow;endArrow=classic;startArrow=classic;html=1;" parent="1" edge="1">
          <mxGeometry width="50" height="50" relative="1" as="geometry">
            <mxPoint x="805" y="330" as="sourcePoint" />
            <mxPoint x="645" y="170" as="targetPoint" />
          </mxGeometry>
        </mxCell>
        <mxCell id="-1VgZTteCLfSaRUNPgDZ-10" value="IP19等其他设备" style="rounded=0;whiteSpace=wrap;html=1;" parent="1" vertex="1">
          <mxGeometry x="810" y="350" width="140" height="80" as="geometry" />
        </mxCell>
        <mxCell id="-1VgZTteCLfSaRUNPgDZ-11" value="fuego框架" style="ellipse;whiteSpace=wrap;html=1;" parent="1" vertex="1">
          <mxGeometry x="550" y="145" width="80" height="50" as="geometry" />
        </mxCell>
        <mxCell id="-1VgZTteCLfSaRUNPgDZ-12" value="测试服务器" style="text;html=1;strokeColor=none;fillColor=none;align=center;verticalAlign=middle;whiteSpace=wrap;rounded=0;" parent="1" vertex="1">
          <mxGeometry x="545" y="90" width="65" height="20" as="geometry" />
        </mxCell>
        <mxCell id="-1VgZTteCLfSaRUNPgDZ-13" value="串口或TFTP" style="text;html=1;strokeColor=none;fillColor=none;align=center;verticalAlign=middle;whiteSpace=wrap;rounded=0;" parent="1" vertex="1">
          <mxGeometry x="240" y="360" width="80" height="20" as="geometry" />
        </mxCell>
        <mxCell id="-1VgZTteCLfSaRUNPgDZ-14" value="SSH" style="text;html=1;strokeColor=none;fillColor=none;align=center;verticalAlign=middle;whiteSpace=wrap;rounded=0;" parent="1" vertex="1">
          <mxGeometry x="430" y="210" width="40" height="20" as="geometry" />
        </mxCell>
        <mxCell id="-1VgZTteCLfSaRUNPgDZ-15" value="SSH" style="text;html=1;strokeColor=none;fillColor=none;align=center;verticalAlign=middle;whiteSpace=wrap;rounded=0;" parent="1" vertex="1">
          <mxGeometry x="610" y="300" width="40" height="20" as="geometry" />
        </mxCell>
        <mxCell id="-1VgZTteCLfSaRUNPgDZ-16" value="SSH" style="text;html=1;strokeColor=none;fillColor=none;align=center;verticalAlign=middle;whiteSpace=wrap;rounded=0;" parent="1" vertex="1">
          <mxGeometry x="750" y="230" width="40" height="20" as="geometry" />
        </mxCell>
        <mxCell id="-1VgZTteCLfSaRUNPgDZ-17" value="Jenkins前端" style="shape=process;whiteSpace=wrap;html=1;backgroundOutline=1;" parent="1" vertex="1">
          <mxGeometry x="740" y="110" width="120" height="60" as="geometry" />
        </mxCell>
        <mxCell id="-1VgZTteCLfSaRUNPgDZ-18" value="" style="shape=flexArrow;endArrow=classic;startArrow=classic;html=1;" parent="1" edge="1">
          <mxGeometry width="50" height="50" relative="1" as="geometry">
            <mxPoint x="663" y="145" as="sourcePoint" />
            <mxPoint x="733" y="145" as="targetPoint" />
          </mxGeometry>
        </mxCell>
        <mxCell id="-1VgZTteCLfSaRUNPgDZ-19" value="SSH服务器" style="rounded=0;whiteSpace=wrap;html=1;" parent="1" vertex="1">
          <mxGeometry x="380" y="253" width="80" height="30" as="geometry" />
        </mxCell>
        <mxCell id="-1VgZTteCLfSaRUNPgDZ-20" value="TFTP服务器" style="rounded=0;whiteSpace=wrap;html=1;" parent="1" vertex="1">
          <mxGeometry x="340" y="323" width="80" height="30" as="geometry" />
        </mxCell>
        <mxCell id="-1VgZTteCLfSaRUNPgDZ-25" value="办公电脑" style="text;html=1;strokeColor=none;fillColor=none;align=center;verticalAlign=middle;whiteSpace=wrap;rounded=0;fontSize=16;" parent="1" vertex="1">
          <mxGeometry x="320" y="293" width="70" height="20" as="geometry" />
        </mxCell>
        <mxCell id="-1VgZTteCLfSaRUNPgDZ-4" value="" style="shape=flexArrow;endArrow=classic;startArrow=classic;html=1;" parent="1" edge="1">
          <mxGeometry width="50" height="50" relative="1" as="geometry">
            <mxPoint x="462" y="257" as="sourcePoint" />
            <mxPoint x="532" y="187" as="targetPoint" />
          </mxGeometry>
        </mxCell>
        <mxCell id="-1VgZTteCLfSaRUNPgDZ-26" value="前提：内网互通、IP分配规范" style="rounded=0;whiteSpace=wrap;html=1;" parent="1" vertex="1">
          <mxGeometry x="990" y="240" width="120" height="60" as="geometry" />
        </mxCell>
        <mxCell id="-1VgZTteCLfSaRUNPgDZ-27" value="SSH服务器" style="rounded=0;whiteSpace=wrap;html=1;" parent="1" vertex="1">
          <mxGeometry x="530" y="440" width="80" height="30" as="geometry" />
        </mxCell>
        <mxCell id="-1VgZTteCLfSaRUNPgDZ-28" value="SSH服务器" style="rounded=0;whiteSpace=wrap;html=1;" parent="1" vertex="1">
          <mxGeometry x="810" y="350" width="80" height="30" as="geometry" />
        </mxCell>
        <mxCell id="-1VgZTteCLfSaRUNPgDZ-29" value="串口控制台" style="rounded=0;whiteSpace=wrap;html=1;" parent="1" vertex="1">
          <mxGeometry x="230" y="323" width="80" height="30" as="geometry" />
        </mxCell>
        <mxCell id="-1VgZTteCLfSaRUNPgDZ-30" value="模糊测试框架" style="rounded=0;whiteSpace=wrap;html=1;" parent="1" vertex="1">
          <mxGeometry x="230" y="253" width="100" height="37" as="geometry" />
        </mxCell>
        <mxCell id="-1VgZTteCLfSaRUNPgDZ-31" value="模糊测试用于接口测试" style="text;html=1;strokeColor=none;fillColor=none;align=center;verticalAlign=middle;whiteSpace=wrap;rounded=0;fontSize=16;" parent="1" vertex="1">
          <mxGeometry x="240" y="130" width="140" height="50" as="geometry" />
        </mxCell>
      </root>
    </mxGraphModel>
  </diagram>
  <diagram id="rQTsmZT8Jw1YKhTPuB6S" name="AutoTest">
    <mxGraphModel dx="1473" dy="611" grid="1" gridSize="10" guides="1" tooltips="1" connect="1" arrows="1" fold="1" page="1" pageScale="1" pageWidth="1169" pageHeight="827" math="0" shadow="0">
      <root>
        <mxCell id="opSFuWu6A-_cyPwdzY3W-0" />
        <mxCell id="opSFuWu6A-_cyPwdzY3W-1" parent="opSFuWu6A-_cyPwdzY3W-0" />
        <mxCell id="opSFuWu6A-_cyPwdzY3W-2" value="&lt;font style=&quot;font-size: 16px&quot;&gt;开发人员&lt;/font&gt;" style="text;html=1;strokeColor=none;fillColor=none;align=center;verticalAlign=middle;whiteSpace=wrap;rounded=0;" parent="opSFuWu6A-_cyPwdzY3W-1" vertex="1">
          <mxGeometry x="250" y="80" width="70" height="20" as="geometry" />
        </mxCell>
        <mxCell id="opSFuWu6A-_cyPwdzY3W-3" value="" style="ellipse;whiteSpace=wrap;html=1;" parent="opSFuWu6A-_cyPwdzY3W-1" vertex="1">
          <mxGeometry x="480" y="150" width="340" height="560" as="geometry" />
        </mxCell>
        <mxCell id="opSFuWu6A-_cyPwdzY3W-4" value="&lt;font style=&quot;font-size: 16px&quot;&gt;邮件插件&lt;/font&gt;" style="ellipse;whiteSpace=wrap;html=1;" parent="opSFuWu6A-_cyPwdzY3W-1" vertex="1">
          <mxGeometry x="605" y="160" width="90" height="60" as="geometry" />
        </mxCell>
        <mxCell id="opSFuWu6A-_cyPwdzY3W-5" value="" style="rounded=0;orthogonalLoop=1;jettySize=auto;html=1;exitX=0;exitY=0.5;exitDx=0;exitDy=0;" parent="opSFuWu6A-_cyPwdzY3W-1" source="opSFuWu6A-_cyPwdzY3W-4" edge="1">
          <mxGeometry relative="1" as="geometry">
            <mxPoint x="647.5735931288073" y="175.71572875253855" as="sourcePoint" />
            <mxPoint x="350" y="160" as="targetPoint" />
          </mxGeometry>
        </mxCell>
        <mxCell id="opSFuWu6A-_cyPwdzY3W-6" value="质量报告" style="edgeLabel;html=1;align=center;verticalAlign=middle;resizable=0;points=[];fontColor=#000000;" parent="opSFuWu6A-_cyPwdzY3W-5" vertex="1" connectable="0">
          <mxGeometry x="-0.1265" relative="1" as="geometry">
            <mxPoint as="offset" />
          </mxGeometry>
        </mxCell>
        <mxCell id="opSFuWu6A-_cyPwdzY3W-7" value="&lt;font style=&quot;font-size: 16px&quot;&gt;监视器&lt;/font&gt;" style="ellipse;whiteSpace=wrap;html=1;" parent="opSFuWu6A-_cyPwdzY3W-1" vertex="1">
          <mxGeometry x="540" y="574" width="90" height="60" as="geometry" />
        </mxCell>
        <mxCell id="opSFuWu6A-_cyPwdzY3W-8" value="" style="endArrow=classic;html=1;entryX=0.855;entryY=1;entryDx=0;entryDy=-4.35;exitX=0;exitY=0.5;exitDx=0;exitDy=0;entryPerimeter=0;" parent="opSFuWu6A-_cyPwdzY3W-1" source="opSFuWu6A-_cyPwdzY3W-7" target="opSFuWu6A-_cyPwdzY3W-27" edge="1">
          <mxGeometry width="50" height="50" relative="1" as="geometry">
            <mxPoint x="580" y="414" as="sourcePoint" />
            <mxPoint x="170" y="399" as="targetPoint" />
          </mxGeometry>
        </mxCell>
        <mxCell id="opSFuWu6A-_cyPwdzY3W-9" value="poll" style="edgeLabel;html=1;align=center;verticalAlign=middle;resizable=0;points=[];fontColor=#000000;fontSize=16;" parent="opSFuWu6A-_cyPwdzY3W-8" vertex="1" connectable="0">
          <mxGeometry x="-0.0884" y="1" relative="1" as="geometry">
            <mxPoint as="offset" />
          </mxGeometry>
        </mxCell>
        <mxCell id="opSFuWu6A-_cyPwdzY3W-10" value="&lt;font style=&quot;font-size: 16px&quot;&gt;开发人员&lt;/font&gt;" style="text;html=1;strokeColor=none;fillColor=none;align=center;verticalAlign=middle;whiteSpace=wrap;rounded=0;" parent="opSFuWu6A-_cyPwdzY3W-1" vertex="1">
          <mxGeometry x="160" y="694" width="70" height="20" as="geometry" />
        </mxCell>
        <mxCell id="opSFuWu6A-_cyPwdzY3W-11" value="" style="endArrow=classic;html=1;entryX=0.5;entryY=1;entryDx=0;entryDy=0;entryPerimeter=0;" parent="opSFuWu6A-_cyPwdzY3W-1" target="opSFuWu6A-_cyPwdzY3W-20" edge="1">
          <mxGeometry width="50" height="50" relative="1" as="geometry">
            <mxPoint x="200" y="604" as="sourcePoint" />
            <mxPoint x="250" y="414" as="targetPoint" />
          </mxGeometry>
        </mxCell>
        <mxCell id="opSFuWu6A-_cyPwdzY3W-12" value="版本号修改" style="edgeLabel;html=1;align=center;verticalAlign=middle;resizable=0;points=[];fontSize=16;fontColor=#000000;" parent="opSFuWu6A-_cyPwdzY3W-11" vertex="1" connectable="0">
          <mxGeometry x="-0.2329" y="1" relative="1" as="geometry">
            <mxPoint as="offset" />
          </mxGeometry>
        </mxCell>
        <mxCell id="opSFuWu6A-_cyPwdzY3W-13" value="" style="ellipse;whiteSpace=wrap;html=1;dashed=1;" parent="opSFuWu6A-_cyPwdzY3W-1" vertex="1">
          <mxGeometry x="510" y="254" width="270" height="316" as="geometry" />
        </mxCell>
        <mxCell id="opSFuWu6A-_cyPwdzY3W-14" value="&lt;span style=&quot;font-size: 16px&quot;&gt;代码质量工程&lt;/span&gt;" style="ellipse;whiteSpace=wrap;html=1;" parent="opSFuWu6A-_cyPwdzY3W-1" vertex="1">
          <mxGeometry x="560" y="294" width="110" height="76" as="geometry" />
        </mxCell>
        <mxCell id="opSFuWu6A-_cyPwdzY3W-15" value="&lt;span style=&quot;font-size: 16px&quot;&gt;项目构建工程&lt;/span&gt;" style="ellipse;whiteSpace=wrap;html=1;" parent="opSFuWu6A-_cyPwdzY3W-1" vertex="1">
          <mxGeometry x="560" y="394" width="110" height="66" as="geometry" />
        </mxCell>
        <mxCell id="opSFuWu6A-_cyPwdzY3W-16" value="" style="rounded=0;orthogonalLoop=1;jettySize=auto;html=1;exitX=1;exitY=0.5;exitDx=0;exitDy=0;entryX=0;entryY=0.5;entryDx=0;entryDy=0;exitPerimeter=0;" parent="opSFuWu6A-_cyPwdzY3W-1" source="opSFuWu6A-_cyPwdzY3W-22" edge="1">
          <mxGeometry relative="1" as="geometry">
            <mxPoint x="240" y="329" as="sourcePoint" />
            <mxPoint x="559.9999999999918" y="334" as="targetPoint" />
          </mxGeometry>
        </mxCell>
        <mxCell id="opSFuWu6A-_cyPwdzY3W-17" value="&lt;font style=&quot;font-size: 16px&quot;&gt;触发代码质量检查&lt;/font&gt;" style="edgeLabel;html=1;align=center;verticalAlign=middle;resizable=0;points=[];fontColor=#000000;" parent="opSFuWu6A-_cyPwdzY3W-16" vertex="1" connectable="0">
          <mxGeometry x="-0.0657" relative="1" as="geometry">
            <mxPoint as="offset" />
          </mxGeometry>
        </mxCell>
        <mxCell id="opSFuWu6A-_cyPwdzY3W-18" value="" style="endArrow=classic;html=1;exitX=1;exitY=0;exitDx=0;exitDy=34.5;exitPerimeter=0;entryX=0;entryY=0.5;entryDx=0;entryDy=0;" parent="opSFuWu6A-_cyPwdzY3W-1" source="opSFuWu6A-_cyPwdzY3W-20" edge="1">
          <mxGeometry width="50" height="50" relative="1" as="geometry">
            <mxPoint x="240" y="404" as="sourcePoint" />
            <mxPoint x="559.9999999999918" y="434" as="targetPoint" />
          </mxGeometry>
        </mxCell>
        <mxCell id="opSFuWu6A-_cyPwdzY3W-19" value="&lt;font style=&quot;font-size: 16px&quot;&gt;触发项目构建&lt;/font&gt;" style="edgeLabel;html=1;align=center;verticalAlign=middle;resizable=0;points=[];fontColor=#000000;" parent="opSFuWu6A-_cyPwdzY3W-18" vertex="1" connectable="0">
          <mxGeometry x="-0.069" y="1" relative="1" as="geometry">
            <mxPoint as="offset" />
          </mxGeometry>
        </mxCell>
        <mxCell id="opSFuWu6A-_cyPwdzY3W-20" value="&lt;span style=&quot;font-size: 16px&quot;&gt;仓库2&lt;/span&gt;" style="shape=cylinder3;whiteSpace=wrap;html=1;boundedLbl=1;backgroundOutline=1;size=15;" parent="opSFuWu6A-_cyPwdzY3W-1" vertex="1">
          <mxGeometry x="130" y="358" width="110" height="56" as="geometry" />
        </mxCell>
        <mxCell id="opSFuWu6A-_cyPwdzY3W-21" value="&lt;span style=&quot;font-size: 16px&quot;&gt;SVN仓库&lt;/span&gt;" style="text;html=1;strokeColor=none;fillColor=none;align=center;verticalAlign=middle;whiteSpace=wrap;rounded=0;" parent="opSFuWu6A-_cyPwdzY3W-1" vertex="1">
          <mxGeometry x="70" y="300" width="70" height="20" as="geometry" />
        </mxCell>
        <mxCell id="opSFuWu6A-_cyPwdzY3W-22" value="&lt;span style=&quot;font-size: 16px&quot;&gt;仓库1&lt;/span&gt;" style="shape=cylinder3;whiteSpace=wrap;html=1;boundedLbl=1;backgroundOutline=1;size=15;" parent="opSFuWu6A-_cyPwdzY3W-1" vertex="1">
          <mxGeometry x="130" y="332" width="110" height="56" as="geometry" />
        </mxCell>
        <mxCell id="opSFuWu6A-_cyPwdzY3W-23" value="Text" style="text;html=1;strokeColor=none;fillColor=none;align=center;verticalAlign=middle;whiteSpace=wrap;rounded=0;fontColor=#FFFFFF;" parent="opSFuWu6A-_cyPwdzY3W-1" vertex="1">
          <mxGeometry x="165" y="338" width="40" height="16" as="geometry" />
        </mxCell>
        <mxCell id="opSFuWu6A-_cyPwdzY3W-24" value="" style="rounded=0;orthogonalLoop=1;jettySize=auto;html=1;entryX=0.5;entryY=0;entryDx=0;entryDy=0;" parent="opSFuWu6A-_cyPwdzY3W-1" edge="1">
          <mxGeometry relative="1" as="geometry">
            <mxPoint x="280" y="190" as="sourcePoint" />
            <mxPoint x="185" y="338" as="targetPoint" />
          </mxGeometry>
        </mxCell>
        <mxCell id="opSFuWu6A-_cyPwdzY3W-25" value="业务代码" style="edgeLabel;html=1;align=center;verticalAlign=middle;resizable=0;points=[];fontSize=16;fontColor=#000000;" parent="opSFuWu6A-_cyPwdzY3W-24" vertex="1" connectable="0">
          <mxGeometry x="-0.1317" y="-1" relative="1" as="geometry">
            <mxPoint as="offset" />
          </mxGeometry>
        </mxCell>
        <mxCell id="opSFuWu6A-_cyPwdzY3W-26" value="" style="rounded=0;orthogonalLoop=1;jettySize=auto;html=1;exitX=0.5;exitY=0;exitDx=0;exitDy=0;entryX=0.5;entryY=1;entryDx=0;entryDy=0;dashed=1;" parent="opSFuWu6A-_cyPwdzY3W-1" source="opSFuWu6A-_cyPwdzY3W-14" target="opSFuWu6A-_cyPwdzY3W-4" edge="1">
          <mxGeometry relative="1" as="geometry">
            <mxPoint x="250" y="370" as="sourcePoint" />
            <mxPoint x="569.9999999999918" y="344" as="targetPoint" />
          </mxGeometry>
        </mxCell>
        <mxCell id="opSFuWu6A-_cyPwdzY3W-27" value="" style="shape=cylinder3;whiteSpace=wrap;html=1;boundedLbl=1;backgroundOutline=1;size=15;dashed=1;fillColor=none;" parent="opSFuWu6A-_cyPwdzY3W-1" vertex="1">
          <mxGeometry x="130" y="314" width="110" height="130" as="geometry" />
        </mxCell>
        <mxCell id="opSFuWu6A-_cyPwdzY3W-28" value="" style="shape=cylinder3;whiteSpace=wrap;html=1;boundedLbl=1;backgroundOutline=1;size=15;fillColor=none;fontColor=#FFFFFF;" parent="opSFuWu6A-_cyPwdzY3W-1" vertex="1">
          <mxGeometry x="940" y="258" width="60" height="80" as="geometry" />
        </mxCell>
        <mxCell id="opSFuWu6A-_cyPwdzY3W-29" value="&lt;span style=&quot;font-size: 16px&quot;&gt;发布服务器&lt;/span&gt;" style="text;html=1;strokeColor=none;fillColor=none;align=center;verticalAlign=middle;whiteSpace=wrap;rounded=0;" parent="opSFuWu6A-_cyPwdzY3W-1" vertex="1">
          <mxGeometry x="930" y="228" width="90" height="20" as="geometry" />
        </mxCell>
        <mxCell id="opSFuWu6A-_cyPwdzY3W-30" value="" style="endArrow=classic;html=1;exitX=1;exitY=0.5;exitDx=0;exitDy=0;entryX=0;entryY=0;entryDx=0;entryDy=52.5;entryPerimeter=0;" parent="opSFuWu6A-_cyPwdzY3W-1" source="opSFuWu6A-_cyPwdzY3W-31" target="opSFuWu6A-_cyPwdzY3W-28" edge="1">
          <mxGeometry width="50" height="50" relative="1" as="geometry">
            <mxPoint x="820" y="366.5" as="sourcePoint" />
            <mxPoint x="1139.9999999999918" y="407.9999999999998" as="targetPoint" />
          </mxGeometry>
        </mxCell>
        <mxCell id="opSFuWu6A-_cyPwdzY3W-31" value="&lt;font style=&quot;font-size: 16px&quot;&gt;发&lt;br&gt;布&lt;br&gt;工&lt;br&gt;程&lt;/font&gt;" style="ellipse;whiteSpace=wrap;html=1;" parent="opSFuWu6A-_cyPwdzY3W-1" vertex="1">
          <mxGeometry x="710" y="346" width="50" height="80" as="geometry" />
        </mxCell>
        <mxCell id="opSFuWu6A-_cyPwdzY3W-32" value="" style="rounded=0;orthogonalLoop=1;jettySize=auto;html=1;exitX=1;exitY=0;exitDx=0;exitDy=0;entryX=0;entryY=0.5;entryDx=0;entryDy=0;dashed=1;" parent="opSFuWu6A-_cyPwdzY3W-1" source="opSFuWu6A-_cyPwdzY3W-15" target="opSFuWu6A-_cyPwdzY3W-31" edge="1">
          <mxGeometry relative="1" as="geometry">
            <mxPoint x="682.43" y="464" as="sourcePoint" />
            <mxPoint x="710.0035931288033" y="402.2842712474645" as="targetPoint" />
          </mxGeometry>
        </mxCell>
        <mxCell id="opSFuWu6A-_cyPwdzY3W-33" value="&lt;span style=&quot;color: rgb(0 , 0 , 0) ; font-size: 20px&quot;&gt;jenkins自动化平台&lt;/span&gt;" style="text;html=1;strokeColor=none;fillColor=none;align=center;verticalAlign=middle;whiteSpace=wrap;rounded=0;fontColor=#FFFFFF;" parent="opSFuWu6A-_cyPwdzY3W-1" vertex="1">
          <mxGeometry x="580" y="110" width="180" height="20" as="geometry" />
        </mxCell>
        <mxCell id="opSFuWu6A-_cyPwdzY3W-34" value="&lt;font style=&quot;font-size: 16px&quot;&gt;测&lt;br&gt;试&lt;br&gt;工&lt;br&gt;程&lt;/font&gt;" style="ellipse;whiteSpace=wrap;html=1;" parent="opSFuWu6A-_cyPwdzY3W-1" vertex="1">
          <mxGeometry x="690" y="444" width="50" height="80" as="geometry" />
        </mxCell>
        <mxCell id="opSFuWu6A-_cyPwdzY3W-35" value="" style="image;html=1;image=img/lib/clip_art/people/Suit_Man_128x128.png;fillColor=none;fontColor=#FFFFFF;" parent="opSFuWu6A-_cyPwdzY3W-1" vertex="1">
          <mxGeometry x="150" y="610" width="80" height="80" as="geometry" />
        </mxCell>
        <mxCell id="opSFuWu6A-_cyPwdzY3W-36" value="" style="image;html=1;image=img/lib/clip_art/people/Suit_Man_128x128.png;fillColor=none;fontColor=#FFFFFF;" parent="opSFuWu6A-_cyPwdzY3W-1" vertex="1">
          <mxGeometry x="270" y="114" width="80" height="80" as="geometry" />
        </mxCell>
        <mxCell id="opSFuWu6A-_cyPwdzY3W-37" value="" style="image;html=1;image=img/lib/clip_art/telecommunication/HTC_smartphone_128x128.png;fillColor=none;fontColor=#FFFFFF;" parent="opSFuWu6A-_cyPwdzY3W-1" vertex="1">
          <mxGeometry x="960" y="556" width="80" height="80" as="geometry" />
        </mxCell>
        <mxCell id="opSFuWu6A-_cyPwdzY3W-38" value="&lt;span style=&quot;font-size: 16px&quot;&gt;IVD机器&lt;/span&gt;" style="text;html=1;strokeColor=none;fillColor=none;align=center;verticalAlign=middle;whiteSpace=wrap;rounded=0;" parent="opSFuWu6A-_cyPwdzY3W-1" vertex="1">
          <mxGeometry x="1050" y="586" width="70" height="20" as="geometry" />
        </mxCell>
        <mxCell id="opSFuWu6A-_cyPwdzY3W-39" value="" style="endArrow=classic;html=1;exitX=1;exitY=0.5;exitDx=0;exitDy=0;" parent="opSFuWu6A-_cyPwdzY3W-1" source="opSFuWu6A-_cyPwdzY3W-34" edge="1">
          <mxGeometry width="50" height="50" relative="1" as="geometry">
            <mxPoint x="770" y="396" as="sourcePoint" />
            <mxPoint x="950" y="559.9999999999998" as="targetPoint" />
          </mxGeometry>
        </mxCell>
        <mxCell id="opSFuWu6A-_cyPwdzY3W-40" value="定时冒烟或全用例" style="edgeLabel;html=1;align=center;verticalAlign=middle;resizable=0;points=[];fontColor=#000000;" parent="opSFuWu6A-_cyPwdzY3W-39" vertex="1" connectable="0">
          <mxGeometry x="0.2148" relative="1" as="geometry">
            <mxPoint as="offset" />
          </mxGeometry>
        </mxCell>
        <mxCell id="opSFuWu6A-_cyPwdzY3W-41" value="" style="endArrow=classic;html=1;entryX=1;entryY=1;entryDx=0;entryDy=0;" parent="opSFuWu6A-_cyPwdzY3W-1" target="opSFuWu6A-_cyPwdzY3W-43" edge="1">
          <mxGeometry width="50" height="50" relative="1" as="geometry">
            <mxPoint x="950" y="619.9999999999998" as="sourcePoint" />
            <mxPoint x="630.0000000000002" y="521.82" as="targetPoint" />
          </mxGeometry>
        </mxCell>
        <mxCell id="opSFuWu6A-_cyPwdzY3W-42" value="请求更新" style="edgeLabel;html=1;align=center;verticalAlign=middle;resizable=0;points=[];labelBackgroundColor=#ffffff;" parent="opSFuWu6A-_cyPwdzY3W-41" vertex="1" connectable="0">
          <mxGeometry x="-0.091" relative="1" as="geometry">
            <mxPoint as="offset" />
          </mxGeometry>
        </mxCell>
        <mxCell id="opSFuWu6A-_cyPwdzY3W-43" value="&lt;span style=&quot;font-size: 16px&quot;&gt;部署工程&lt;/span&gt;" style="ellipse;whiteSpace=wrap;html=1;" parent="opSFuWu6A-_cyPwdzY3W-1" vertex="1">
          <mxGeometry x="585" y="490" width="90" height="66" as="geometry" />
        </mxCell>
        <mxCell id="opSFuWu6A-_cyPwdzY3W-44" value="" style="endArrow=classic;html=1;exitX=1;exitY=0.5;exitDx=0;exitDy=0;" parent="opSFuWu6A-_cyPwdzY3W-1" source="opSFuWu6A-_cyPwdzY3W-43" edge="1">
          <mxGeometry width="50" height="50" relative="1" as="geometry">
            <mxPoint x="749.9999999999898" y="494" as="sourcePoint" />
            <mxPoint x="950" y="599.9999999999998" as="targetPoint" />
          </mxGeometry>
        </mxCell>
        <mxCell id="opSFuWu6A-_cyPwdzY3W-45" value="下载部署" style="edgeLabel;html=1;align=center;verticalAlign=middle;resizable=0;points=[];fontColor=#000000;" parent="opSFuWu6A-_cyPwdzY3W-44" vertex="1" connectable="0">
          <mxGeometry x="0.0895" y="1" relative="1" as="geometry">
            <mxPoint as="offset" />
          </mxGeometry>
        </mxCell>
        <mxCell id="opSFuWu6A-_cyPwdzY3W-46" value="" style="rounded=0;orthogonalLoop=1;jettySize=auto;html=1;exitX=0.5;exitY=1;exitDx=0;exitDy=0;entryX=0.5;entryY=0;entryDx=0;entryDy=0;dashed=1;" parent="opSFuWu6A-_cyPwdzY3W-1" source="opSFuWu6A-_cyPwdzY3W-15" target="opSFuWu6A-_cyPwdzY3W-43" edge="1">
          <mxGeometry relative="1" as="geometry">
            <mxPoint x="672.426406871193" y="415.7157287525382" as="sourcePoint" />
            <mxPoint x="720" y="396" as="targetPoint" />
          </mxGeometry>
        </mxCell>
      </root>
    </mxGraphModel>
  </diagram>
  <diagram id="WCZj93ikUZFVeIuHtXUY" name="摘录示意图">
    <mxGraphModel dx="2642" dy="611" grid="1" gridSize="10" guides="1" tooltips="1" connect="1" arrows="1" fold="1" page="1" pageScale="1" pageWidth="1169" pageHeight="827" math="0" shadow="0">
      <root>
        <mxCell id="uYq-zOgWg1XqaKclkY2M-0" />
        <mxCell id="uYq-zOgWg1XqaKclkY2M-1" parent="uYq-zOgWg1XqaKclkY2M-0" />
        <mxCell id="uYq-zOgWg1XqaKclkY2M-2" value="" style="edgeStyle=orthogonalEdgeStyle;rounded=0;orthogonalLoop=1;jettySize=auto;html=1;fontFamily=Times New Roman;fontSize=18;entryX=0.5;entryY=0;entryDx=0;entryDy=0;" parent="uYq-zOgWg1XqaKclkY2M-1" source="uYq-zOgWg1XqaKclkY2M-3" target="uYq-zOgWg1XqaKclkY2M-9" edge="1">
          <mxGeometry relative="1" as="geometry">
            <mxPoint x="-730" y="340" as="targetPoint" />
          </mxGeometry>
        </mxCell>
        <mxCell id="uYq-zOgWg1XqaKclkY2M-3" value="" style="rounded=1;whiteSpace=wrap;html=1;strokeColor=#9AC7BF;strokeWidth=2;fillColor=#D5E8D4;" parent="uYq-zOgWg1XqaKclkY2M-1" vertex="1">
          <mxGeometry x="-790" y="200" width="120" height="60" as="geometry" />
        </mxCell>
        <mxCell id="uYq-zOgWg1XqaKclkY2M-4" value="" style="group" parent="uYq-zOgWg1XqaKclkY2M-1" vertex="1" connectable="0">
          <mxGeometry x="-770" y="210" width="80" height="40" as="geometry" />
        </mxCell>
        <mxCell id="uYq-zOgWg1XqaKclkY2M-5" value="&lt;b&gt;&lt;font face=&quot;Times New Roman&quot; style=&quot;font-size: 16px&quot;&gt;Driver&lt;/font&gt;&lt;/b&gt;" style="rounded=0;whiteSpace=wrap;html=1;strokeWidth=1;fillColor=#D5E8D4;" parent="uYq-zOgWg1XqaKclkY2M-4" vertex="1">
          <mxGeometry width="80" height="40" as="geometry" />
        </mxCell>
        <mxCell id="uYq-zOgWg1XqaKclkY2M-6" value="" style="endArrow=none;html=1;entryX=0.75;entryY=0;entryDx=0;entryDy=0;exitX=0.75;exitY=1;exitDx=0;exitDy=0;" parent="uYq-zOgWg1XqaKclkY2M-4" edge="1">
          <mxGeometry width="50" height="50" as="geometry">
            <mxPoint x="68" y="40" as="sourcePoint" />
            <mxPoint x="68" as="targetPoint" />
          </mxGeometry>
        </mxCell>
        <mxCell id="uYq-zOgWg1XqaKclkY2M-7" value="" style="endArrow=none;html=1;entryX=0.75;entryY=0;entryDx=0;entryDy=0;exitX=0.75;exitY=1;exitDx=0;exitDy=0;" parent="uYq-zOgWg1XqaKclkY2M-4" edge="1">
          <mxGeometry x="1" width="50" height="50" as="geometry">
            <mxPoint x="12" y="40" as="sourcePoint" />
            <mxPoint x="12" as="targetPoint" />
          </mxGeometry>
        </mxCell>
        <mxCell id="uYq-zOgWg1XqaKclkY2M-8" value="" style="group" parent="uYq-zOgWg1XqaKclkY2M-1" vertex="1" connectable="0">
          <mxGeometry x="-770" y="280" width="80" height="40" as="geometry" />
        </mxCell>
        <mxCell id="uYq-zOgWg1XqaKclkY2M-9" value="&lt;font face=&quot;Times New Roman&quot;&gt;&lt;span style=&quot;font-size: 16px&quot;&gt;&lt;b&gt;Machine&lt;/b&gt;&lt;/span&gt;&lt;/font&gt;" style="rounded=0;whiteSpace=wrap;html=1;strokeWidth=1;fillColor=#D5E8D4;" parent="uYq-zOgWg1XqaKclkY2M-8" vertex="1">
          <mxGeometry width="80" height="40" as="geometry" />
        </mxCell>
        <mxCell id="uYq-zOgWg1XqaKclkY2M-10" value="" style="endArrow=none;html=1;entryX=0.75;entryY=0;entryDx=0;entryDy=0;exitX=0.75;exitY=1;exitDx=0;exitDy=0;" parent="uYq-zOgWg1XqaKclkY2M-8" edge="1">
          <mxGeometry x="3" width="50" height="50" as="geometry">
            <mxPoint x="71" y="40" as="sourcePoint" />
            <mxPoint x="71" as="targetPoint" />
          </mxGeometry>
        </mxCell>
        <mxCell id="uYq-zOgWg1XqaKclkY2M-11" value="" style="endArrow=none;html=1;entryX=0.75;entryY=0;entryDx=0;entryDy=0;exitX=0.75;exitY=1;exitDx=0;exitDy=0;" parent="uYq-zOgWg1XqaKclkY2M-8" edge="1">
          <mxGeometry x="-2" width="50" height="50" as="geometry">
            <mxPoint x="9" y="40" as="sourcePoint" />
            <mxPoint x="9" as="targetPoint" />
          </mxGeometry>
        </mxCell>
        <mxCell id="uYq-zOgWg1XqaKclkY2M-12" value="" style="rounded=1;whiteSpace=wrap;html=1;strokeColor=#9AC7BF;strokeWidth=2;fillColor=#D5E8D4;" parent="uYq-zOgWg1XqaKclkY2M-1" vertex="1">
          <mxGeometry x="-850" y="340" width="240" height="130" as="geometry" />
        </mxCell>
        <mxCell id="uYq-zOgWg1XqaKclkY2M-13" value="" style="group" parent="uYq-zOgWg1XqaKclkY2M-1" vertex="1" connectable="0">
          <mxGeometry x="-770" y="350" width="80" height="40" as="geometry" />
        </mxCell>
        <mxCell id="uYq-zOgWg1XqaKclkY2M-14" value="" style="rounded=0;whiteSpace=wrap;html=1;strokeWidth=1;fillColor=#D5E8D4;" parent="uYq-zOgWg1XqaKclkY2M-13" vertex="1">
          <mxGeometry width="80" height="40" as="geometry" />
        </mxCell>
        <mxCell id="uYq-zOgWg1XqaKclkY2M-15" value="" style="endArrow=none;html=1;entryX=0.75;entryY=0;entryDx=0;entryDy=0;exitX=0.75;exitY=1;exitDx=0;exitDy=0;" parent="uYq-zOgWg1XqaKclkY2M-13" edge="1">
          <mxGeometry width="50" height="50" as="geometry">
            <mxPoint x="68" y="40" as="sourcePoint" />
            <mxPoint x="68" as="targetPoint" />
          </mxGeometry>
        </mxCell>
        <mxCell id="uYq-zOgWg1XqaKclkY2M-16" value="" style="endArrow=none;html=1;entryX=0.75;entryY=0;entryDx=0;entryDy=0;exitX=0.75;exitY=1;exitDx=0;exitDy=0;" parent="uYq-zOgWg1XqaKclkY2M-13" edge="1">
          <mxGeometry x="1" width="50" height="50" as="geometry">
            <mxPoint x="12" y="40" as="sourcePoint" />
            <mxPoint x="12" as="targetPoint" />
          </mxGeometry>
        </mxCell>
        <mxCell id="uYq-zOgWg1XqaKclkY2M-17" value="" style="group" parent="uYq-zOgWg1XqaKclkY2M-1" vertex="1" connectable="0">
          <mxGeometry x="-830" y="420" width="80" height="40" as="geometry" />
        </mxCell>
        <mxCell id="uYq-zOgWg1XqaKclkY2M-18" value="" style="rounded=0;whiteSpace=wrap;html=1;strokeWidth=1;fillColor=#D5E8D4;" parent="uYq-zOgWg1XqaKclkY2M-17" vertex="1">
          <mxGeometry width="80" height="40" as="geometry" />
        </mxCell>
        <mxCell id="uYq-zOgWg1XqaKclkY2M-19" value="" style="endArrow=none;html=1;entryX=0.75;entryY=0;entryDx=0;entryDy=0;exitX=0.75;exitY=1;exitDx=0;exitDy=0;" parent="uYq-zOgWg1XqaKclkY2M-17" edge="1">
          <mxGeometry width="50" height="50" as="geometry">
            <mxPoint x="68" y="40" as="sourcePoint" />
            <mxPoint x="68" as="targetPoint" />
          </mxGeometry>
        </mxCell>
        <mxCell id="uYq-zOgWg1XqaKclkY2M-20" value="" style="endArrow=none;html=1;entryX=0.75;entryY=0;entryDx=0;entryDy=0;exitX=0.75;exitY=1;exitDx=0;exitDy=0;" parent="uYq-zOgWg1XqaKclkY2M-17" edge="1">
          <mxGeometry x="1" width="50" height="50" as="geometry">
            <mxPoint x="12" y="40" as="sourcePoint" />
            <mxPoint x="12" as="targetPoint" />
          </mxGeometry>
        </mxCell>
        <mxCell id="uYq-zOgWg1XqaKclkY2M-21" value="" style="group" parent="uYq-zOgWg1XqaKclkY2M-1" vertex="1" connectable="0">
          <mxGeometry x="-710" y="420" width="80" height="40" as="geometry" />
        </mxCell>
        <mxCell id="uYq-zOgWg1XqaKclkY2M-22" value="" style="rounded=0;whiteSpace=wrap;html=1;strokeWidth=1;fillColor=#D5E8D4;" parent="uYq-zOgWg1XqaKclkY2M-21" vertex="1">
          <mxGeometry width="80" height="40" as="geometry" />
        </mxCell>
        <mxCell id="uYq-zOgWg1XqaKclkY2M-23" value="" style="endArrow=none;html=1;entryX=0.75;entryY=0;entryDx=0;entryDy=0;exitX=0.75;exitY=1;exitDx=0;exitDy=0;" parent="uYq-zOgWg1XqaKclkY2M-21" edge="1">
          <mxGeometry x="1" width="50" height="50" as="geometry">
            <mxPoint x="12" y="40" as="sourcePoint" />
            <mxPoint x="12" as="targetPoint" />
          </mxGeometry>
        </mxCell>
        <mxCell id="uYq-zOgWg1XqaKclkY2M-24" value="" style="endArrow=none;html=1;entryX=0.75;entryY=0;entryDx=0;entryDy=0;exitX=0.75;exitY=1;exitDx=0;exitDy=0;" parent="uYq-zOgWg1XqaKclkY2M-21" edge="1">
          <mxGeometry width="50" height="50" as="geometry">
            <mxPoint x="68" y="40" as="sourcePoint" />
            <mxPoint x="68" as="targetPoint" />
          </mxGeometry>
        </mxCell>
        <mxCell id="uYq-zOgWg1XqaKclkY2M-25" value="" style="edgeStyle=orthogonalEdgeStyle;rounded=0;orthogonalLoop=1;jettySize=auto;html=1;fontFamily=Times New Roman;fontSize=18;entryX=0.5;entryY=0;entryDx=0;entryDy=0;exitX=0.5;exitY=1;exitDx=0;exitDy=0;" parent="uYq-zOgWg1XqaKclkY2M-1" source="uYq-zOgWg1XqaKclkY2M-9" target="uYq-zOgWg1XqaKclkY2M-12" edge="1">
          <mxGeometry relative="1" as="geometry">
            <mxPoint x="-720" y="270.00000000000006" as="sourcePoint" />
            <mxPoint x="-720" y="290" as="targetPoint" />
          </mxGeometry>
        </mxCell>
        <mxCell id="uYq-zOgWg1XqaKclkY2M-26" value="" style="edgeStyle=orthogonalEdgeStyle;rounded=0;orthogonalLoop=1;jettySize=auto;html=1;fontFamily=Times New Roman;fontSize=18;entryX=0.5;entryY=0;entryDx=0;entryDy=0;fontColor=#C7C7C7;strokeColor=#C9C9C9;" parent="uYq-zOgWg1XqaKclkY2M-1" source="uYq-zOgWg1XqaKclkY2M-14" target="uYq-zOgWg1XqaKclkY2M-22" edge="1">
          <mxGeometry relative="1" as="geometry">
            <mxPoint x="-715" y="390" as="sourcePoint" />
            <mxPoint x="-715" y="340" as="targetPoint" />
            <Array as="points">
              <mxPoint x="-730" y="400" />
              <mxPoint x="-670" y="400" />
            </Array>
          </mxGeometry>
        </mxCell>
        <mxCell id="uYq-zOgWg1XqaKclkY2M-27" value="" style="edgeStyle=orthogonalEdgeStyle;rounded=0;orthogonalLoop=1;jettySize=auto;html=1;fontFamily=Times New Roman;fontSize=18;entryX=0.5;entryY=0;entryDx=0;entryDy=0;fontColor=#C7C7C7;strokeColor=#C9C9C9;" parent="uYq-zOgWg1XqaKclkY2M-1" source="uYq-zOgWg1XqaKclkY2M-14" target="uYq-zOgWg1XqaKclkY2M-18" edge="1">
          <mxGeometry relative="1" as="geometry">
            <mxPoint x="-720" y="400" as="sourcePoint" />
            <mxPoint x="-660" y="430" as="targetPoint" />
            <Array as="points">
              <mxPoint x="-730" y="400" />
              <mxPoint x="-790" y="400" />
            </Array>
          </mxGeometry>
        </mxCell>
        <mxCell id="uYq-zOgWg1XqaKclkY2M-28" value="&lt;font color=&quot;#3333ff&quot; style=&quot;font-size: 24px&quot;&gt;Stub&lt;/font&gt;" style="text;html=1;resizable=0;autosize=1;align=center;verticalAlign=middle;points=[];fillColor=none;strokeColor=none;rounded=0;fontFamily=Times New Roman;fontStyle=1;fontSize=18;" parent="uYq-zOgWg1XqaKclkY2M-1" vertex="1">
          <mxGeometry x="-760" y="385" width="60" height="30" as="geometry" />
        </mxCell>
      </root>
    </mxGraphModel>
  </diagram>
</mxfile>
